#
# There is insufficient memory for the Java Runtime Environment to continue.
# Native memory allocation (mmap) failed to map 65536 bytes for Failed to commit metaspace.
# Possible reasons:
#   The system is out of physical RAM or swap space
#   The process is running with CompressedOops enabled, and the Java Heap may be blocking the growth of the native heap
# Possible solutions:
#   Reduce memory load on the system
#   Increase physical memory or swap space
#   Check if swap backing store is full
#   Decrease Java heap size (-Xmx/-Xms)
#   Decrease number of Java threads
#   Decrease Java thread stack sizes (-Xss)
#   Set larger code cache with -XX:ReservedCodeCacheSize=
#   JVM is running with Unscaled Compressed Oops mode in which the Java heap is
#     placed in the first 4GB address space. The Java Heap base address is the
#     maximum limit for the native heap growth. Please use -XX:HeapBaseMinAddress
#     to set the Java Heap base and to place the Java Heap above 4GB virtual address.
# This output file may be truncated or incomplete.
#
#  Out of Memory Error (virtualSpaceNode.cpp:110), pid=20204, tid=8824
#
# JRE version: Java(TM) SE Runtime Environment (18.0.1.1+2) (build 18.0.1.1+2-6)
# Java VM: Java HotSpot(TM) 64-Bit Server VM (18.0.1.1+2-6, mixed mode, emulated-client, sharing, tiered, compressed oops, compressed class ptrs, g1 gc, windows-amd64)
# No core dump will be written. Minidumps are not enabled by default on client versions of Windows
#

---------------  S U M M A R Y ------------

Command Line: -XX:TieredStopAtLevel=1 -Xverify:none -Dspring.output.ansi.enabled=always -Dcom.sun.management.jmxremote -Dspring.jmx.enabled=true -Dspring.liveBeansView.mbeanDomain -Dspring.application.admin.enabled=true -javaagent:C:\Program Files\JetBrains\IntelliJ IDEA 2022.1.3\lib\idea_rt.jar=54778:C:\Program Files\JetBrains\IntelliJ IDEA 2022.1.3\bin -Dfile.encoding=UTF-8 ExamenRattrapageKhaddoti.demo.DemoApplication

Host: Intel(R) Core(TM) i7-8550U CPU @ 1.80GHz, 8 cores, 5G,  Windows 10 , 64 bit Build 19041 (10.0.19041.546)
Time: Wed Jul  6 14:10:48 2022 Maroc (heure d64 bit Build 19041 (10.0.19041.546) elapsed time: 0.373001 seconds (0d 0h 0m 0s)

---------------  T H R E A D  ---------------

Current thread (0x000001abecc8a410):  JavaThread "main" [_thread_in_vm, id=8824, stack(0x0000001fbfc00000,0x0000001fbfd00000)]

Stack: [0x0000001fbfc00000,0x0000001fbfd00000]
Native frames: (J=compiled Java code, j=interpreted, Vv=VM code, C=native code)
V  [jvm.dll+0x69887a]
V  [jvm.dll+0x7f38bd]
V  [jvm.dll+0x7f51ce]
V  [jvm.dll+0x7f5883]
V  [jvm.dll+0x25ca3f]
V  [jvm.dll+0x7ef5cb]
V  [jvm.dll+0x63ea76]
V  [jvm.dll+0x63eada]
V  [jvm.dll+0x64135e]
V  [jvm.dll+0x64121e]
V  [jvm.dll+0x63f43e]
V  [jvm.dll+0x2524a0]
V  [jvm.dll+0x202d5d]
V  [jvm.dll+0x1f8781]
V  [jvm.dll+0x55d685]
V  [jvm.dll+0x209637]
V  [jvm.dll+0x76cf6d]
V  [jvm.dll+0x76e2a6]
V  [jvm.dll+0x76e5d8]
V  [jvm.dll+0x254d46]
V  [jvm.dll+0x3a0d7e]
C  0x000001abf45d9aed

Java frames: (J=compiled Java code, j=interpreted, Vv=VM code)
j  com.sun.jmx.remote.protocol.rmi.ServerProvider.newJMXConnectorServer(Ljavax/management/remote/JMXServiceURL;Ljava/util/Map;Ljavax/management/MBeanServer;)Ljavax/management/remote/JMXConnectorServer;+29 java.management.rmi@18.0.1.1
j  javax.management.remote.JMXConnectorServerFactory.lambda$getConnectorServerAsService$0(Ljavax/management/remote/JMXServiceURL;Ljava/util/Map;Ljavax/management/MBeanServer;Ljavax/management/remote/JMXConnectorServerProvider;)Ljavax/management/remote/JMXConnectorServer;+4 java.management@18.0.1.1
j  javax.management.remote.JMXConnectorServerFactory$$Lambda$62+0x0000000800c2e3d8.apply(Ljava/lang/Object;)Ljava/lang/Object;+16 java.management@18.0.1.1
j  javax.management.remote.JMXConnectorFactory$ProviderFinder.test(Ljava/util/ServiceLoader$Provider;)Z+20 java.management@18.0.1.1
j  javax.management.remote.JMXConnectorFactory$ProviderFinder.test(Ljava/lang/Object;)Z+5 java.management@18.0.1.1
j  java.util.stream.ReferencePipeline$2$1.accept(Ljava/lang/Object;)V+8 java.base@18.0.1.1
j  java.util.stream.ReferencePipeline$2$1.accept(Ljava/lang/Object;)V+21 java.base@18.0.1.1
j  java.util.ServiceLoader$ProviderSpliterator.tryAdvance(Ljava/util/function/Consumer;)Z+139 java.base@18.0.1.1
j  java.util.stream.ReferencePipeline.forEachWithCancel(Ljava/util/Spliterator;Ljava/util/stream/Sink;)Z+13 java.base@18.0.1.1
j  java.util.stream.AbstractPipeline.copyIntoWithCancel(Ljava/util/stream/Sink;Ljava/util/Spliterator;)Z+32 java.base@18.0.1.1
j  java.util.stream.AbstractPipeline.copyInto(Ljava/util/stream/Sink;Ljava/util/Spliterator;)V+49 java.base@18.0.1.1
j  java.util.stream.AbstractPipeline.wrapAndCopyInto(Ljava/util/stream/Sink;Ljava/util/Spliterator;)Ljava/util/stream/Sink;+13 java.base@18.0.1.1
j  java.util.stream.FindOps$FindOp.evaluateSequential(Ljava/util/stream/PipelineHelper;Ljava/util/Spliterator;)Ljava/lang/Object;+14 java.base@18.0.1.1
j  java.util.stream.AbstractPipeline.evaluate(Ljava/util/stream/TerminalOp;)Ljava/lang/Object;+88 java.base@18.0.1.1
j  java.util.stream.ReferencePipeline.findFirst()Ljava/util/Optional;+5 java.base@18.0.1.1
j  javax.management.remote.JMXConnectorFactory.getConnectorAsService(Ljava/lang/Class;Ljava/lang/ClassLoader;Ljavax/management/remote/JMXServiceURL;Ljava/util/function/Predicate;Ljavax/management/remote/JMXConnectorFactory$ConnectorFactory;)Ljava/lang/Object;+81 java.management@18.0.1.1
j  javax.management.remote.JMXConnectorServerFactory.getConnectorServerAsService(Ljava/lang/ClassLoader;Ljavax/management/remote/JMXServiceURL;Ljava/util/Map;Ljavax/management/MBeanServer;Ljava/util/function/Predicate;)Ljavax/management/remote/JMXConnectorServer;+18 java.management@18.0.1.1
j  javax.management.remote.JMXConnectorServerFactory.newJMXConnectorServer(Ljavax/management/remote/JMXServiceURL;Ljava/util/Map;Ljavax/management/MBeanServer;)Ljavax/management/remote/JMXConnectorServer;+139 java.management@18.0.1.1
j  sun.management.jmxremote.ConnectorBootstrap.startLocalConnectorServer()Ljavax/management/remote/JMXConnectorServer;+283 jdk.management.agent@18.0.1.1
j  jdk.internal.agent.Agent.startLocalManagementAgent()V+13 jdk.management.agent@18.0.1.1
j  jdk.internal.agent.Agent.startAgent(Ljava/util/Properties;)V+58 jdk.management.agent@18.0.1.1
j  jdk.internal.agent.Agent.startAgent()V+20 jdk.management.agent@18.0.1.1
v  ~StubRoutines::call_stub

---------------  P R O C E S S  ---------------

Threads class SMR info:
_java_thread_list=0x000001abfdec8a80, length=14, elements={
0x000001abecc8a410, 0x000001abfd90d830, 0x000001abfd912b50, 0x000001abfd9296b0,
0x000001abfd929f60, 0x000001abfd92afb0, 0x000001abfd92c140, 0x000001abfd93a2c0,
0x000001abfd93b490, 0x000001abfdb49030, 0x000001abfdb71080, 0x000001abfdb73900,
0x000001abfdecad50, 0x000001abfdec8c40
}

Java Threads: ( => current thread )
=>0x000001abecc8a410 JavaThread "main" [_thread_in_vm, id=8824, stack(0x0000001fbfc00000,0x0000001fbfd00000)]
  0x000001abfd90d830 JavaThread "Reference Handler" daemon [_thread_blocked, id=11968, stack(0x0000001fc0300000,0x0000001fc0400000)]
  0x000001abfd912b50 JavaThread "Finalizer" daemon [_thread_blocked, id=9888, stack(0x0000001fc0400000,0x0000001fc0500000)]
  0x000001abfd9296b0 JavaThread "Signal Dispatcher" daemon [_thread_blocked, id=18268, stack(0x0000001fc0500000,0x0000001fc0600000)]
  0x000001abfd929f60 JavaThread "Attach Listener" daemon [_thread_blocked, id=7040, stack(0x0000001fc0600000,0x0000001fc0700000)]
  0x000001abfd92afb0 JavaThread "Service Thread" daemon [_thread_blocked, id=8008, stack(0x0000001fc0700000,0x0000001fc0800000)]
  0x000001abfd92c140 JavaThread "Monitor Deflation Thread" daemon [_thread_blocked, id=704, stack(0x0000001fc0800000,0x0000001fc0900000)]
  0x000001abfd93a2c0 JavaThread "C1 CompilerThread0" daemon [_thread_blocked, id=13352, stack(0x0000001fc0900000,0x0000001fc0a00000)]
  0x000001abfd93b490 JavaThread "Sweeper thread" daemon [_thread_blocked, id=12640, stack(0x0000001fc0a00000,0x0000001fc0b00000)]
  0x000001abfdb49030 JavaThread "Common-Cleaner" daemon [_thread_blocked, id=12024, stack(0x0000001fc0b00000,0x0000001fc0c00000)]
  0x000001abfdb71080 JavaThread "C1 CompilerThread1" daemon [_thread_blocked, id=8704, stack(0x0000001fc0c00000,0x0000001fc0d00000)]
  0x000001abfdb73900 JavaThread "C1 CompilerThread2" daemon [_thread_blocked, id=7084, stack(0x0000001fc0d00000,0x0000001fc0e00000)]
  0x000001abfdecad50 JavaThread "Monitor Ctrl-Break" daemon [_thread_in_native, id=21928, stack(0x0000001fc0e00000,0x0000001fc0f00000)]
  0x000001abfdec8c40 JavaThread "Notification Thread" daemon [_thread_blocked, id=22432, stack(0x0000001fc0f00000,0x0000001fc1000000)]

Other Threads:
  0x000001abecd4eb30 VMThread "VM Thread" [stack: 0x0000001fc0200000,0x0000001fc0300000] [id=9512]
  0x000001abeccdc420 WorkerThread "GC Thread#0" [stack: 0x0000001fbfd00000,0x0000001fbfe00000] [id=13488]
  0x000001abecceaec0 ConcurrentGCThread "G1 Main Marker" [stack: 0x0000001fbfe00000,0x0000001fbff00000] [id=2216]
  0x000001abeccebf60 WorkerThread "G1 Conc#0" [stack: 0x0000001fbff00000,0x0000001fc0000000] [id=15536]
  0x000001abecd315c0 ConcurrentGCThread "G1 Refine#0" [stack: 0x0000001fc0000000,0x0000001fc0100000] [id=11656]
  0x000001abecd32df0 ConcurrentGCThread "G1 Service" [stack: 0x0000001fc0100000,0x0000001fc0200000] [id=2640]

Threads with active compile tasks:

VM state: not at safepoint (normal execution)

VM Mutex/Monitor currently owned by a thread:  ([mutex/lock_event])
[0x000001abeaa1ec60] Metaspace_lock - owner thread: 0x000001abecc8a410

Heap address: 0x00000000a1e00000, size: 1506 MB, Compressed Oops mode: 32-bit

CDS archive(s) mapped at: [0x0000000800000000-0x0000000800ba0000-0x0000000800ba0000), size 12189696, SharedBaseAddress: 0x0000000800000000, ArchiveRelocationMode: 0.
Compressed class space mapped at: 0x0000000800c00000-0x0000000840c00000, reserved size: 1073741824
Narrow klass base: 0x0000000800000000, Narrow klass shift: 0, Narrow klass range: 0x100000000

GC Precious Log:
 CardTable entry size: 512
 Card Set container configuration: InlinePtr #cards 5 size 8 Array Of Cards #cards 12 size 40 Howl #buckets 4 coarsen threshold 1843 Howl Bitmap #cards 512 size 80 coarsen threshold 460 Card regions per heap region 1 cards per card region 2048
 CPUs: 8 total, 8 available
 Memory: 6022M
 Large Page Support: Disabled
 NUMA Support: Disabled
 Compressed Oops: Enabled (32-bit)
 Heap Region Size: 1M
 Heap Min Capacity: 8M
 Heap Initial Capacity: 96M
 Heap Max Capacity: 1506M
 Pre-touch: Disabled
 Parallel Workers: 8
 Concurrent Workers: 2
 Concurrent Refinement Workers: 8
 Periodic GC: Disabled

Heap:
 garbage-first heap   total 98304K, used 8192K [0x00000000a1e00000, 0x0000000100000000)
  region size 1024K, 9 young (9216K), 0 survivors (0K)
 Metaspace       used 2891K, committed 3008K, reserved 1114112K
  class space    used 336K, committed 384K, reserved 1048576K

Heap Regions: E=young(eden), S=young(survivor), O=old, HS=humongous(starts), HC=humongous(continues), CS=collection set, F=free, OA=open archive, CA=closed archive, TAMS=top-at-mark-start (previous, next)
|   0|0x00000000a1e00000, 0x00000000a1f00000, 0x00000000a1f00000|100%|HS|  |TAMS 0x00000000a1e00000, 0x00000000a1e00000| Complete 
|   1|0x00000000a1f00000, 0x00000000a1f00000, 0x00000000a2000000|  0%| F|  |TAMS 0x00000000a1f00000, 0x00000000a1f00000| Untracked 
|   2|0x00000000a2000000, 0x00000000a2000000, 0x00000000a2100000|  0%| F|  |TAMS 0x00000000a2000000, 0x00000000a2000000| Untracked 
|   3|0x00000000a2100000, 0x00000000a2100000, 0x00000000a2200000|  0%| F|  |TAMS 0x00000000a2100000, 0x00000000a2100000| Untracked 
|   4|0x00000000a2200000, 0x00000000a2200000, 0x00000000a2300000|  0%| F|  |TAMS 0x00000000a2200000, 0x00000000a2200000| Untracked 
|   5|0x00000000a2300000, 0x00000000a2300000, 0x00000000a2400000|  0%| F|  |TAMS 0x00000000a2300000, 0x00000000a2300000| Untracked 
|   6|0x00000000a2400000, 0x00000000a2400000, 0x00000000a2500000|  0%| F|  |TAMS 0x00000000a2400000, 0x00000000a2400000| Untracked 
|   7|0x00000000a2500000, 0x00000000a2500000, 0x00000000a2600000|  0%| F|  |TAMS 0x00000000a2500000, 0x00000000a2500000| Untracked 
|   8|0x00000000a2600000, 0x00000000a2600000, 0x00000000a2700000|  0%| F|  |TAMS 0x00000000a2600000, 0x00000000a2600000| Untracked 
|   9|0x00000000a2700000, 0x00000000a2700000, 0x00000000a2800000|  0%| F|  |TAMS 0x00000000a2700000, 0x00000000a2700000| Untracked 
|  10|0x00000000a2800000, 0x00000000a2800000, 0x00000000a2900000|  0%| F|  |TAMS 0x00000000a2800000, 0x00000000a2800000| Untracked 
|  11|0x00000000a2900000, 0x00000000a2900000, 0x00000000a2a00000|  0%| F|  |TAMS 0x00000000a2900000, 0x00000000a2900000| Untracked 
|  12|0x00000000a2a00000, 0x00000000a2a00000, 0x00000000a2b00000|  0%| F|  |TAMS 0x00000000a2a00000, 0x00000000a2a00000| Untracked 
|  13|0x00000000a2b00000, 0x00000000a2b00000, 0x00000000a2c00000|  0%| F|  |TAMS 0x00000000a2b00000, 0x00000000a2b00000| Untracked 
|  14|0x00000000a2c00000, 0x00000000a2c00000, 0x00000000a2d00000|  0%| F|  |TAMS 0x00000000a2c00000, 0x00000000a2c00000| Untracked 
|  15|0x00000000a2d00000, 0x00000000a2d00000, 0x00000000a2e00000|  0%| F|  |TAMS 0x00000000a2d00000, 0x00000000a2d00000| Untracked 
|  16|0x00000000a2e00000, 0x00000000a2e00000, 0x00000000a2f00000|  0%| F|  |TAMS 0x00000000a2e00000, 0x00000000a2e00000| Untracked 
|  17|0x00000000a2f00000, 0x00000000a2f00000, 0x00000000a3000000|  0%| F|  |TAMS 0x00000000a2f00000, 0x00000000a2f00000| Untracked 
|  18|0x00000000a3000000, 0x00000000a3000000, 0x00000000a3100000|  0%| F|  |TAMS 0x00000000a3000000, 0x00000000a3000000| Untracked 
|  19|0x00000000a3100000, 0x00000000a3100000, 0x00000000a3200000|  0%| F|  |TAMS 0x00000000a3100000, 0x00000000a3100000| Untracked 
|  20|0x00000000a3200000, 0x00000000a3200000, 0x00000000a3300000|  0%| F|  |TAMS 0x00000000a3200000, 0x00000000a3200000| Untracked 
|  21|0x00000000a3300000, 0x00000000a3300000, 0x00000000a3400000|  0%| F|  |TAMS 0x00000000a3300000, 0x00000000a3300000| Untracked 
|  22|0x00000000a3400000, 0x00000000a3400000, 0x00000000a3500000|  0%| F|  |TAMS 0x00000000a3400000, 0x00000000a3400000| Untracked 
|  23|0x00000000a3500000, 0x00000000a3500000, 0x00000000a3600000|  0%| F|  |TAMS 0x00000000a3500000, 0x00000000a3500000| Untracked 
|  24|0x00000000a3600000, 0x00000000a3600000, 0x00000000a3700000|  0%| F|  |TAMS 0x00000000a3600000, 0x00000000a3600000| Untracked 
|  25|0x00000000a3700000, 0x00000000a3700000, 0x00000000a3800000|  0%| F|  |TAMS 0x00000000a3700000, 0x00000000a3700000| Untracked 
|  26|0x00000000a3800000, 0x00000000a3800000, 0x00000000a3900000|  0%| F|  |TAMS 0x00000000a3800000, 0x00000000a3800000| Untracked 
|  27|0x00000000a3900000, 0x00000000a3900000, 0x00000000a3a00000|  0%| F|  |TAMS 0x00000000a3900000, 0x00000000a3900000| Untracked 
|  28|0x00000000a3a00000, 0x00000000a3a00000, 0x00000000a3b00000|  0%| F|  |TAMS 0x00000000a3a00000, 0x00000000a3a00000| Untracked 
|  29|0x00000000a3b00000, 0x00000000a3b00000, 0x00000000a3c00000|  0%| F|  |TAMS 0x00000000a3b00000, 0x00000000a3b00000| Untracked 
|  30|0x00000000a3c00000, 0x00000000a3c00000, 0x00000000a3d00000|  0%| F|  |TAMS 0x00000000a3c00000, 0x00000000a3c00000| Untracked 
|  31|0x00000000a3d00000, 0x00000000a3d00000, 0x00000000a3e00000|  0%| F|  |TAMS 0x00000000a3d00000, 0x00000000a3d00000| Untracked 
|  32|0x00000000a3e00000, 0x00000000a3e00000, 0x00000000a3f00000|  0%| F|  |TAMS 0x00000000a3e00000, 0x00000000a3e00000| Untracked 
|  33|0x00000000a3f00000, 0x00000000a3f00000, 0x00000000a4000000|  0%| F|  |TAMS 0x00000000a3f00000, 0x00000000a3f00000| Untracked 
|  34|0x00000000a4000000, 0x00000000a4000000, 0x00000000a4100000|  0%| F|  |TAMS 0x00000000a4000000, 0x00000000a4000000| Untracked 
|  35|0x00000000a4100000, 0x00000000a4100000, 0x00000000a4200000|  0%| F|  |TAMS 0x00000000a4100000, 0x00000000a4100000| Untracked 
|  36|0x00000000a4200000, 0x00000000a4200000, 0x00000000a4300000|  0%| F|  |TAMS 0x00000000a4200000, 0x00000000a4200000| Untracked 
|  37|0x00000000a4300000, 0x00000000a4300000, 0x00000000a4400000|  0%| F|  |TAMS 0x00000000a4300000, 0x00000000a4300000| Untracked 
|  38|0x00000000a4400000, 0x00000000a4400000, 0x00000000a4500000|  0%| F|  |TAMS 0x00000000a4400000, 0x00000000a4400000| Untracked 
|  39|0x00000000a4500000, 0x00000000a4500000, 0x00000000a4600000|  0%| F|  |TAMS 0x00000000a4500000, 0x00000000a4500000| Untracked 
|  40|0x00000000a4600000, 0x00000000a4600000, 0x00000000a4700000|  0%| F|  |TAMS 0x00000000a4600000, 0x00000000a4600000| Untracked 
|  41|0x00000000a4700000, 0x00000000a4700000, 0x00000000a4800000|  0%| F|  |TAMS 0x00000000a4700000, 0x00000000a4700000| Untracked 
|  42|0x00000000a4800000, 0x00000000a4800000, 0x00000000a4900000|  0%| F|  |TAMS 0x00000000a4800000, 0x00000000a4800000| Untracked 
|  43|0x00000000a4900000, 0x00000000a4900000, 0x00000000a4a00000|  0%| F|  |TAMS 0x00000000a4900000, 0x00000000a4900000| Untracked 
|  44|0x00000000a4a00000, 0x00000000a4a00000, 0x00000000a4b00000|  0%| F|  |TAMS 0x00000000a4a00000, 0x00000000a4a00000| Untracked 
|  45|0x00000000a4b00000, 0x00000000a4b00000, 0x00000000a4c00000|  0%| F|  |TAMS 0x00000000a4b00000, 0x00000000a4b00000| Untracked 
|  46|0x00000000a4c00000, 0x00000000a4c00000, 0x00000000a4d00000|  0%| F|  |TAMS 0x00000000a4c00000, 0x00000000a4c00000| Untracked 
|  47|0x00000000a4d00000, 0x00000000a4d00000, 0x00000000a4e00000|  0%| F|  |TAMS 0x00000000a4d00000, 0x00000000a4d00000| Untracked 
|  48|0x00000000a4e00000, 0x00000000a4e00000, 0x00000000a4f00000|  0%| F|  |TAMS 0x00000000a4e00000, 0x00000000a4e00000| Untracked 
|  49|0x00000000a4f00000, 0x00000000a4f00000, 0x00000000a5000000|  0%| F|  |TAMS 0x00000000a4f00000, 0x00000000a4f00000| Untracked 
|  50|0x00000000a5000000, 0x00000000a5000000, 0x00000000a5100000|  0%| F|  |TAMS 0x00000000a5000000, 0x00000000a5000000| Untracked 
|  51|0x00000000a5100000, 0x00000000a5100000, 0x00000000a5200000|  0%| F|  |TAMS 0x00000000a5100000, 0x00000000a5100000| Untracked 
|  52|0x00000000a5200000, 0x00000000a5200000, 0x00000000a5300000|  0%| F|  |TAMS 0x00000000a5200000, 0x00000000a5200000| Untracked 
|  53|0x00000000a5300000, 0x00000000a5300000, 0x00000000a5400000|  0%| F|  |TAMS 0x00000000a5300000, 0x00000000a5300000| Untracked 
|  54|0x00000000a5400000, 0x00000000a5400000, 0x00000000a5500000|  0%| F|  |TAMS 0x00000000a5400000, 0x00000000a5400000| Untracked 
|  55|0x00000000a5500000, 0x00000000a5500000, 0x00000000a5600000|  0%| F|  |TAMS 0x00000000a5500000, 0x00000000a5500000| Untracked 
|  56|0x00000000a5600000, 0x00000000a5600000, 0x00000000a5700000|  0%| F|  |TAMS 0x00000000a5600000, 0x00000000a5600000| Untracked 
|  57|0x00000000a5700000, 0x00000000a5700000, 0x00000000a5800000|  0%| F|  |TAMS 0x00000000a5700000, 0x00000000a5700000| Untracked 
|  58|0x00000000a5800000, 0x00000000a5800000, 0x00000000a5900000|  0%| F|  |TAMS 0x00000000a5800000, 0x00000000a5800000| Untracked 
|  59|0x00000000a5900000, 0x00000000a5900000, 0x00000000a5a00000|  0%| F|  |TAMS 0x00000000a5900000, 0x00000000a5900000| Untracked 
|  60|0x00000000a5a00000, 0x00000000a5a00000, 0x00000000a5b00000|  0%| F|  |TAMS 0x00000000a5a00000, 0x00000000a5a00000| Untracked 
|  61|0x00000000a5b00000, 0x00000000a5b00000, 0x00000000a5c00000|  0%| F|  |TAMS 0x00000000a5b00000, 0x00000000a5b00000| Untracked 
|  62|0x00000000a5c00000, 0x00000000a5c00000, 0x00000000a5d00000|  0%| F|  |TAMS 0x00000000a5c00000, 0x00000000a5c00000| Untracked 
|  63|0x00000000a5d00000, 0x00000000a5d00000, 0x00000000a5e00000|  0%| F|  |TAMS 0x00000000a5d00000, 0x00000000a5d00000| Untracked 
|  64|0x00000000a5e00000, 0x00000000a5e00000, 0x00000000a5f00000|  0%| F|  |TAMS 0x00000000a5e00000, 0x00000000a5e00000| Untracked 
|  65|0x00000000a5f00000, 0x00000000a5f00000, 0x00000000a6000000|  0%| F|  |TAMS 0x00000000a5f00000, 0x00000000a5f00000| Untracked 
|  66|0x00000000a6000000, 0x00000000a6000000, 0x00000000a6100000|  0%| F|  |TAMS 0x00000000a6000000, 0x00000000a6000000| Untracked 
|  67|0x00000000a6100000, 0x00000000a6100000, 0x00000000a6200000|  0%| F|  |TAMS 0x00000000a6100000, 0x00000000a6100000| Untracked 
|  68|0x00000000a6200000, 0x00000000a6200000, 0x00000000a6300000|  0%| F|  |TAMS 0x00000000a6200000, 0x00000000a6200000| Untracked 
|  69|0x00000000a6300000, 0x00000000a6300000, 0x00000000a6400000|  0%| F|  |TAMS 0x00000000a6300000, 0x00000000a6300000| Untracked 
|  70|0x00000000a6400000, 0x00000000a6400000, 0x00000000a6500000|  0%| F|  |TAMS 0x00000000a6400000, 0x00000000a6400000| Untracked 
|  71|0x00000000a6500000, 0x00000000a6500000, 0x00000000a6600000|  0%| F|  |TAMS 0x00000000a6500000, 0x00000000a6500000| Untracked 
|  72|0x00000000a6600000, 0x00000000a6600000, 0x00000000a6700000|  0%| F|  |TAMS 0x00000000a6600000, 0x00000000a6600000| Untracked 
|  73|0x00000000a6700000, 0x00000000a6700000, 0x00000000a6800000|  0%| F|  |TAMS 0x00000000a6700000, 0x00000000a6700000| Untracked 
|  74|0x00000000a6800000, 0x00000000a6800000, 0x00000000a6900000|  0%| F|  |TAMS 0x00000000a6800000, 0x00000000a6800000| Untracked 
|  75|0x00000000a6900000, 0x00000000a6900000, 0x00000000a6a00000|  0%| F|  |TAMS 0x00000000a6900000, 0x00000000a6900000| Untracked 
|  76|0x00000000a6a00000, 0x00000000a6a00000, 0x00000000a6b00000|  0%| F|  |TAMS 0x00000000a6a00000, 0x00000000a6a00000| Untracked 
|  77|0x00000000a6b00000, 0x00000000a6b00000, 0x00000000a6c00000|  0%| F|  |TAMS 0x00000000a6b00000, 0x00000000a6b00000| Untracked 
|  78|0x00000000a6c00000, 0x00000000a6c00000, 0x00000000a6d00000|  0%| F|  |TAMS 0x00000000a6c00000, 0x00000000a6c00000| Untracked 
|  79|0x00000000a6d00000, 0x00000000a6d00000, 0x00000000a6e00000|  0%| F|  |TAMS 0x00000000a6d00000, 0x00000000a6d00000| Untracked 
|  80|0x00000000a6e00000, 0x00000000a6e00000, 0x00000000a6f00000|  0%| F|  |TAMS 0x00000000a6e00000, 0x00000000a6e00000| Untracked 
|  81|0x00000000a6f00000, 0x00000000a6f00000, 0x00000000a7000000|  0%| F|  |TAMS 0x00000000a6f00000, 0x00000000a6f00000| Untracked 
|  82|0x00000000a7000000, 0x00000000a7000000, 0x00000000a7100000|  0%| F|  |TAMS 0x00000000a7000000, 0x00000000a7000000| Untracked 
|  83|0x00000000a7100000, 0x00000000a7100000, 0x00000000a7200000|  0%| F|  |TAMS 0x00000000a7100000, 0x00000000a7100000| Untracked 
|  84|0x00000000a7200000, 0x00000000a7200000, 0x00000000a7300000|  0%| F|  |TAMS 0x00000000a7200000, 0x00000000a7200000| Untracked 
|  85|0x00000000a7300000, 0x00000000a7300000, 0x00000000a7400000|  0%| F|  |TAMS 0x00000000a7300000, 0x00000000a7300000| Untracked 
|  86|0x00000000a7400000, 0x00000000a7400000, 0x00000000a7500000|  0%| F|  |TAMS 0x00000000a7400000, 0x00000000a7400000| Untracked 
|  87|0x00000000a7500000, 0x00000000a75ec280, 0x00000000a7600000| 92%| E|  |TAMS 0x00000000a7500000, 0x00000000a7500000| Complete 
|  88|0x00000000a7600000, 0x00000000a7700000, 0x00000000a7700000|100%| E|CS|TAMS 0x00000000a7600000, 0x00000000a7600000| Complete 
|  89|0x00000000a7700000, 0x00000000a7800000, 0x00000000a7800000|100%| E|CS|TAMS 0x00000000a7700000, 0x00000000a7700000| Complete 
|  90|0x00000000a7800000, 0x00000000a7900000, 0x00000000a7900000|100%| E|CS|TAMS 0x00000000a7800000, 0x00000000a7800000| Complete 
|  91|0x00000000a7900000, 0x00000000a7a00000, 0x00000000a7a00000|100%| E|CS|TAMS 0x00000000a7900000, 0x00000000a7900000| Complete 
|  92|0x00000000a7a00000, 0x00000000a7b00000, 0x00000000a7b00000|100%| E|CS|TAMS 0x00000000a7a00000, 0x00000000a7a00000| Complete 
|  93|0x00000000a7b00000, 0x00000000a7c00000, 0x00000000a7c00000|100%| E|CS|TAMS 0x00000000a7b00000, 0x00000000a7b00000| Complete 
|  94|0x00000000a7c00000, 0x00000000a7d00000, 0x00000000a7d00000|100%| E|  |TAMS 0x00000000a7c00000, 0x00000000a7c00000| Complete 
|  95|0x00000000a7d00000, 0x00000000a7e00000, 0x00000000a7e00000|100%| E|CS|TAMS 0x00000000a7d00000, 0x00000000a7d00000| Complete 

Card table byte_map: [0x000001abf79d0000,0x000001abf7cd0000] _byte_map_base: 0x000001abf74c1000

Marking Bits (Prev, Next): (CMBitMap*) 0x000001abeccdd940, (CMBitMap*) 0x000001abeccdd980
 Prev Bits: [0x000001abf7fd0000, 0x000001abf9758000)
 Next Bits: [0x000001abf9760000, 0x000001abfaee8000)

Polling page: 0x000001abec450000

Metaspace:

Usage:
  Non-class:      2.50 MB used.
      Class:    336.16 KB used.
       Both:      2.82 MB used.

Virtual space:
  Non-class space:       64.00 MB reserved,       2.56 MB (  4%) committed,  1 nodes.
      Class space:        1.00 GB reserved,     384.00 KB ( <1%) committed,  1 nodes.
             Both:        1.06 GB reserved,       2.94 MB ( <1%) committed. 

Chunk freelists:
   Non-Class:  3.91 MB
       Class:  3.58 MB
        Both:  7.50 MB

MaxMetaspaceSize: unlimited
CompressedClassSpaceSize: 1.00 GB
Initial GC threshold: 21.00 MB
Current GC threshold: 21.00 MB
CDS: on
MetaspaceReclaimPolicy: balanced
 - commit_granule_bytes: 65536.
 - commit_granule_words: 8192.
 - virtual_space_node_default_size: 8388608.
 - enlarge_chunks_in_place: 1.
 - new_chunks_are_fully_committed: 0.
 - uncommit_free_chunks: 1.
 - use_allocation_guard: 0.


Internal statistics:

num_allocs_failed_limit: 0.
num_arena_births: 82.
num_arena_deaths: 0.
num_vsnodes_births: 2.
num_vsnodes_deaths: 0.
num_space_committed: 47.
num_space_uncommitted: 0.
num_chunks_returned_to_freelist: 0.
num_chunks_taken_from_freelist: 87.
num_chunk_merges: 0.
num_chunk_splits: 61.
num_chunks_enlarged: 39.
num_inconsistent_stats: 0.

CodeCache: size=49152Kb used=3159Kb max_used=3159Kb free=45992Kb
 bounds [0x000001abf45c0000, 0x000001abf48e0000, 0x000001abf75c0000]
 total_blobs=1155 nmethods=729 adapters=352
 compilation: enabled
              stopped_count=0, restarted_count=0
 full_count=0

Compilation events (20 events):
Event: 0.369 Thread 0x000001abfd93a2c0  718       1       java.util.logging.LogManager$LoggerContext::getOwner (5 bytes)
Event: 0.369 Thread 0x000001abfd93a2c0 nmethod 718 0x000001abf48d2e90 code [0x000001abf48d3020, 0x000001abf48d30f8]
Event: 0.370 Thread 0x000001abfd93a2c0  720       1       java.lang.invoke.MemberName::isCallerSensitive (8 bytes)
Event: 0.370 Thread 0x000001abfd93a2c0 nmethod 720 0x000001abf48d3590 code [0x000001abf48d3720, 0x000001abf48d3818]
Event: 0.370 Thread 0x000001abfd93a2c0  721       1       sun.invoke.util.BytecodeDescriptor::unparse (24 bytes)
Event: 0.370 Thread 0x000001abfd93a2c0 nmethod 721 0x000001abf48d3890 code [0x000001abf48d3a40, 0x000001abf48d3b88]
Event: 0.371 Thread 0x000001abfd93a2c0  722       1       java.lang.Module::isNamed (13 bytes)
Event: 0.371 Thread 0x000001abfd93a2c0 nmethod 722 0x000001abf48d3c10 code [0x000001abf48d3da0, 0x000001abf48d3e78]
Event: 0.371 Thread 0x000001abfdb71080  723       1       jdk.internal.jimage.ImageHeader::getTableLength (5 bytes)
Event: 0.371 Thread 0x000001abfdb71080 nmethod 723 0x000001abf48d3f10 code [0x000001abf48d40a0, 0x000001abf48d4178]
Event: 0.371 Thread 0x000001abfdb71080  724   !   1       java.nio.DirectIntBufferU::get (34 bytes)
Event: 0.371 Thread 0x000001abfdb73900  725       1       java.nio.DirectIntBufferU::ix (10 bytes)
Event: 0.371 Thread 0x000001abfd93a2c0  726   !   1       jdk.internal.misc.ScopedMemoryAccess::getInt (20 bytes)
Event: 0.371 Thread 0x000001abfdb73900 nmethod 725 0x000001abf48d4210 code [0x000001abf48d43a0, 0x000001abf48d4478]
Event: 0.371 Thread 0x000001abfdb73900  727   !   1       jdk.internal.misc.ScopedMemoryAccess::getIntInternal (36 bytes)
Event: 0.372 Thread 0x000001abfdb73900 nmethod 727 0x000001abf48d4510 code [0x000001abf48d46a0, 0x000001abf48d47c8]
Event: 0.372 Thread 0x000001abfd93a2c0 nmethod 726 0x000001abf48d4890 code [0x000001abf48d4a40, 0x000001abf48d4c38]
Event: 0.372 Thread 0x000001abfdb71080 nmethod 724 0x000001abf48d4d90 code [0x000001abf48d4f60, 0x000001abf48d5268]
Event: 0.372 Thread 0x000001abfdb71080  728       1       jdk.internal.loader.URLClassPath$JarLoader::findResource (18 bytes)
Event: 0.372 Thread 0x000001abfdb71080 nmethod 728 0x000001abf48d5990 code [0x000001abf48d5b40, 0x000001abf48d5c68]

GC Heap History (0 events):
No events

Deoptimization events (0 events):
No events

Classes loaded (20 events):
Event: 0.369 Loading class javax/management/remote/JMXConnectorFactory done
Event: 0.369 Loading class javax/management/remote/JMXConnectorFactory$1
Event: 0.369 Loading class javax/management/remote/JMXConnectorFactory$1 done
Event: 0.370 Loading class javax/management/remote/JMXConnectorFactory$ConnectorFactory
Event: 0.370 Loading class javax/management/remote/JMXConnectorFactory$ConnectorFactory done
Event: 0.370 Loading class javax/management/remote/JMXConnectorServer
Event: 0.370 Loading class javax/management/remote/JMXConnectorServerMBean
Event: 0.370 Loading class javax/management/remote/JMXConnectorServerMBean done
Event: 0.370 Loading class javax/management/remote/JMXAddressable
Event: 0.370 Loading class javax/management/remote/JMXAddressable done
Event: 0.370 Loading class javax/management/remote/JMXConnectorServer done
Event: 0.371 Loading class javax/management/remote/JMXConnectorProvider
Event: 0.371 Loading class javax/management/remote/JMXConnectorProvider done
Event: 0.371 Loading class java/util/ServiceLoader$ProviderSpliterator
Event: 0.371 Loading class java/util/ServiceLoader$ProviderSpliterator done
Event: 0.371 Loading class javax/management/remote/JMXConnectorFactory$ProviderFinder
Event: 0.371 Loading class javax/management/remote/JMXConnectorFactory$ProviderFinder done
Event: 0.371 Loading class com/sun/jmx/remote/protocol/rmi/ServerProvider
Event: 0.371 Loading class com/sun/jmx/remote/protocol/rmi/ServerProvider done
Event: 0.372 Loading class javax/management/remote/rmi/RMIConnectorServer

Classes unloaded (0 events):
No events

Classes redefined (0 events):
No events

Internal exceptions (8 events):
Event: 0.223 Thread 0x000001abecc8a410 Exception <a 'java/lang/NoSuchMethodError'{0x00000000a78ed990}: 'void java.lang.invoke.DirectMethodHandle$Holder.invokeStatic(java.lang.Object, java.lang.Object, java.lang.Object)'> (0x00000000a78ed990) 
thrown [s\open\src\hotspot\share\interpreter\linkResolver.cpp, line 766]
Event: 0.227 Thread 0x000001abecc8a410 Exception <a 'java/lang/NoSuchMethodError'{0x00000000a770b8b0}: 'java.lang.Object java.lang.invoke.Invokers$Holder.invokeExact_MT(java.lang.Object, java.lang.Object, java.lang.Object, java.lang.Object, java.lang.Object)'> (0x00000000a770b8b0) 
thrown [s\open\src\hotspot\share\interpreter\linkResolver.cpp, line 766]
Event: 0.241 Thread 0x000001abfdecad50 Exception <a 'java/lang/NoSuchMethodError'{0x00000000a777ccf0}: 'void java.lang.invoke.DirectMethodHandle$Holder.invokeStatic(java.lang.Object, java.lang.Object)'> (0x00000000a777ccf0) 
thrown [s\open\src\hotspot\share\interpreter\linkResolver.cpp, line 766]
Event: 0.256 Thread 0x000001abecc8a410 Exception <a 'java/lang/NoSuchMethodError'{0x00000000a773f818}: 'java.lang.Object java.lang.invoke.DirectMethodHandle$Holder.invokeStaticInit(java.lang.Object)'> (0x00000000a773f818) 
thrown [s\open\src\hotspot\share\interpreter\linkResolver.cpp, line 766]
Event: 0.270 Thread 0x000001abecc8a410 Exception <a 'java/lang/NoSuchMethodError'{0x00000000a7755a88}: 'int java.lang.invoke.DirectMethodHandle$Holder.invokeInterface(java.lang.Object, java.lang.Object)'> (0x00000000a7755a88) 
thrown [s\open\src\hotspot\share\interpreter\linkResolver.cpp, line 766]
Event: 0.271 Thread 0x000001abecc8a410 Exception <a 'java/lang/IncompatibleClassChangeError'{0x00000000a7759080}: Found class java.lang.Object, but interface was expected> (0x00000000a7759080) 
thrown [s\open\src\hotspot\share\interpreter\linkResolver.cpp, line 833]
Event: 0.319 Thread 0x000001abecc8a410 Exception <a 'java/lang/NoSuchMethodError'{0x00000000a769e5d8}: 'int java.lang.invoke.DirectMethodHandle$Holder.invokeSpecial(java.lang.Object, java.lang.Object, java.lang.Object)'> (0x00000000a769e5d8) 
thrown [s\open\src\hotspot\share\interpreter\linkResolver.cpp, line 766]
Event: 0.370 Thread 0x000001abecc8a410 Exception <a 'java/lang/NoSuchMethodError'{0x00000000a75d3590}: 'int java.lang.invoke.DirectMethodHandle$Holder.invokeSpecialIFC(java.lang.Object, java.lang.Object, java.lang.Object)'> (0x00000000a75d3590) 
thrown [s\open\src\hotspot\share\interpreter\linkResolver.cpp, line 766]

VM Operations (4 events):
Event: 0.109 Executing VM operation: HandshakeAllThreads
Event: 0.109 Executing VM operation: HandshakeAllThreads done
Event: 0.236 Executing VM operation: HandshakeAllThreads
Event: 0.236 Executing VM operation: HandshakeAllThreads done

Events (20 events):
Event: 0.039 Thread 0x000001abfd9296b0 Thread added: 0x000001abfd9296b0
Event: 0.040 Thread 0x000001abfd929f60 Thread added: 0x000001abfd929f60
Event: 0.040 Thread 0x000001abfd92afb0 Thread added: 0x000001abfd92afb0
Event: 0.040 Thread 0x000001abfd92c140 Thread added: 0x000001abfd92c140
Event: 0.040 Thread 0x000001abfd93a2c0 Thread added: 0x000001abfd93a2c0
Event: 0.040 Thread 0x000001abfd93b490 Thread added: 0x000001abfd93b490
Event: 0.103 Thread 0x000001abfdb49030 Thread added: 0x000001abfdb49030
Event: 0.109 Thread 0x000001abfdb71080 Thread added: 0x000001abfdb71080
Event: 0.110 Thread 0x000001abfdb73900 Thread added: 0x000001abfdb73900
Event: 0.121 Loaded shared library C:\Program Files\Java\jdk-18.0.1.1\bin\zip.dll
Event: 0.123 Loaded shared library C:\Program Files\Java\jdk-18.0.1.1\bin\instrument.dll
Event: 0.131 Loaded shared library C:\Program Files\Java\jdk-18.0.1.1\bin\net.dll
Event: 0.133 Loaded shared library C:\Program Files\Java\jdk-18.0.1.1\bin\nio.dll
Event: 0.135 Loaded shared library C:\Program Files\Java\jdk-18.0.1.1\bin\zip.dll
Event: 0.233 Loaded shared library C:\Program Files\JetBrains\IntelliJ IDEA 2022.1.3\bin\breakgen64.dll
Event: 0.234 Thread 0x000001abfdecad50 Thread added: 0x000001abfdecad50
Event: 0.234 Thread 0x000001abfdec8c40 Thread added: 0x000001abfdec8c40
Event: 0.237 Loaded shared library C:\Program Files\Java\jdk-18.0.1.1\bin\jimage.dll
Event: 0.258 Loaded shared library C:\Program Files\Java\jdk-18.0.1.1\bin\management.dll
Event: 0.268 Loaded shared library C:\Program Files\Java\jdk-18.0.1.1\bin\management_ext.dll


Dynamic libraries:
0x00007ff60b3b0000 - 0x00007ff60b3c0000 	C:\Program Files\Java\jdk-18.0.1.1\bin\java.exe
0x00007ffe5f690000 - 0x00007ffe5f886000 	C:\WINDOWS\SYSTEM32\ntdll.dll
0x00007ffe5dc10000 - 0x00007ffe5dccd000 	C:\WINDOWS\System32\KERNEL32.DLL
0x00007ffe5ce60000 - 0x00007ffe5d128000 	C:\WINDOWS\System32\KERNELBASE.dll
0x00007ffe5d520000 - 0x00007ffe5d620000 	C:\WINDOWS\System32\ucrtbase.dll
0x00007ffe556d0000 - 0x00007ffe556ea000 	C:\Program Files\Java\jdk-18.0.1.1\bin\VCRUNTIME140.dll
0x00007ffe55640000 - 0x00007ffe55658000 	C:\Program Files\Java\jdk-18.0.1.1\bin\jli.dll
0x00007ffe5f570000 - 0x00007ffe5f61c000 	C:\WINDOWS\System32\ADVAPI32.dll
0x00007ffe5f0c0000 - 0x00007ffe5f15e000 	C:\WINDOWS\System32\msvcrt.dll
0x00007ffe5d900000 - 0x00007ffe5d99b000 	C:\WINDOWS\System32\sechost.dll
0x00007ffe5e7b0000 - 0x00007ffe5e8d4000 	C:\WINDOWS\System32\RPCRT4.dll
0x00007ffe5d9a0000 - 0x00007ffe5db40000 	C:\WINDOWS\System32\USER32.dll
0x00007ffe5d2c0000 - 0x00007ffe5d2e2000 	C:\WINDOWS\System32\win32u.dll
0x00007ffe4bf80000 - 0x00007ffe4c21b000 	C:\WINDOWS\WinSxS\amd64_microsoft.windows.common-controls_6595b64144ccf1df_6.0.19041.488_none_ca04af081b815d21\COMCTL32.dll
0x00007ffe5f620000 - 0x00007ffe5f64a000 	C:\WINDOWS\System32\GDI32.dll
0x00007ffe5d410000 - 0x00007ffe5d519000 	C:\WINDOWS\System32\gdi32full.dll
0x00007ffe5d370000 - 0x00007ffe5d40d000 	C:\WINDOWS\System32\msvcp_win.dll
0x00007ffe55c10000 - 0x00007ffe55c1a000 	C:\WINDOWS\SYSTEM32\VERSION.dll
0x00007ffe5f030000 - 0x00007ffe5f060000 	C:\WINDOWS\System32\IMM32.DLL
0x00007ffe583d0000 - 0x00007ffe583dc000 	C:\Program Files\Java\jdk-18.0.1.1\bin\vcruntime140_1.dll
0x00007ffe4f130000 - 0x00007ffe4f1bd000 	C:\Program Files\Java\jdk-18.0.1.1\bin\msvcp140.dll
0x00007ffe19600000 - 0x00007ffe1a210000 	C:\Program Files\Java\jdk-18.0.1.1\bin\server\jvm.dll
0x00007ffe5dc00000 - 0x00007ffe5dc08000 	C:\WINDOWS\System32\PSAPI.DLL
0x00007ffe4aac0000 - 0x00007ffe4aac9000 	C:\WINDOWS\SYSTEM32\WSOCK32.dll
0x00007ffe509d0000 - 0x00007ffe509f7000 	C:\WINDOWS\SYSTEM32\WINMM.dll
0x00007ffe5de80000 - 0x00007ffe5deeb000 	C:\WINDOWS\System32\WS2_32.dll
0x00007ffe5b730000 - 0x00007ffe5b742000 	C:\WINDOWS\SYSTEM32\kernel.appcore.dll
0x00007ffe583a0000 - 0x00007ffe583aa000 	C:\Program Files\Java\jdk-18.0.1.1\bin\jimage.dll
0x00007ffe5aca0000 - 0x00007ffe5ae84000 	C:\WINDOWS\SYSTEM32\DBGHELP.DLL
0x00007ffe47920000 - 0x00007ffe4794c000 	C:\WINDOWS\SYSTEM32\dbgcore.DLL
0x00007ffe5d2f0000 - 0x00007ffe5d36f000 	C:\WINDOWS\System32\bcryptPrimitives.dll
0x00007ffe557b0000 - 0x00007ffe557be000 	C:\Program Files\Java\jdk-18.0.1.1\bin\instrument.dll
0x00007ffe52bd0000 - 0x00007ffe52bf5000 	C:\Program Files\Java\jdk-18.0.1.1\bin\java.dll
0x00007ffe2f950000 - 0x00007ffe2fa26000 	C:\Program Files\Java\jdk-18.0.1.1\bin\jsvml.dll
0x00007ffe5e8e0000 - 0x00007ffe5f021000 	C:\WINDOWS\System32\SHELL32.dll
0x00007ffe5af90000 - 0x00007ffe5b725000 	C:\WINDOWS\SYSTEM32\windows.storage.dll
0x00007ffe5f160000 - 0x00007ffe5f4b5000 	C:\WINDOWS\System32\combase.dll
0x00007ffe5c8d0000 - 0x00007ffe5c8fc000 	C:\WINDOWS\SYSTEM32\Wldp.dll
0x00007ffe5f4c0000 - 0x00007ffe5f56e000 	C:\WINDOWS\System32\SHCORE.dll
0x00007ffe5db40000 - 0x00007ffe5db95000 	C:\WINDOWS\System32\shlwapi.dll
0x00007ffe5cd90000 - 0x00007ffe5cdb6000 	C:\WINDOWS\SYSTEM32\profapi.dll
0x00007ffe4b5c0000 - 0x00007ffe4b5d8000 	C:\Program Files\Java\jdk-18.0.1.1\bin\zip.dll
0x00007ffe55610000 - 0x00007ffe55623000 	C:\Program Files\Java\jdk-18.0.1.1\bin\net.dll
0x00007ffe50bc0000 - 0x00007ffe50cc0000 	C:\WINDOWS\SYSTEM32\WINHTTP.dll
0x00007ffe5c650000 - 0x00007ffe5c6ba000 	C:\WINDOWS\system32\mswsock.dll
0x00007ffe528a0000 - 0x00007ffe528b6000 	C:\Program Files\Java\jdk-18.0.1.1\bin\nio.dll
0x00007ffe528d0000 - 0x00007ffe528ea000 	C:\Program Files\JetBrains\IntelliJ IDEA 2022.1.3\bin\breakgen64.dll
0x00007ffe5c340000 - 0x00007ffe5c40b000 	C:\WINDOWS\SYSTEM32\DNSAPI.dll
0x00007ffe5c2f0000 - 0x00007ffe5c32b000 	C:\WINDOWS\SYSTEM32\IPHLPAPI.DLL
0x00007ffe5e360000 - 0x00007ffe5e368000 	C:\WINDOWS\System32\NSI.dll
0x00007ffe503c0000 - 0x00007ffe503ca000 	C:\Windows\System32\rasadhlp.dll
0x00007ffe50b40000 - 0x00007ffe50bbf000 	C:\WINDOWS\System32\fwpuclnt.dll
0x00007ffe5d1e0000 - 0x00007ffe5d207000 	C:\WINDOWS\System32\bcrypt.dll
0x00007ffe52a30000 - 0x00007ffe52a39000 	C:\Program Files\Java\jdk-18.0.1.1\bin\management.dll
0x00007ffe52890000 - 0x00007ffe5289b000 	C:\Program Files\Java\jdk-18.0.1.1\bin\management_ext.dll

dbghelp: loaded successfully - version: 4.0.5 - missing functions: none
symbol engine: initialized successfully - sym options: 0x614 - pdb path: .;C:\Program Files\Java\jdk-18.0.1.1\bin;C:\WINDOWS\SYSTEM32;C:\WINDOWS\WinSxS\amd64_microsoft.windows.common-controls_6595b64144ccf1df_6.0.19041.488_none_ca04af081b815d21;C:\Program Files\Java\jdk-18.0.1.1\bin\server;C:\Program Files\JetBrains\IntelliJ IDEA 2022.1.3\bin

VM Arguments:
jvm_args: -XX:TieredStopAtLevel=1 -Xverify:none -Dspring.output.ansi.enabled=always -Dcom.sun.management.jmxremote -Dspring.jmx.enabled=true -Dspring.liveBeansView.mbeanDomain -Dspring.application.admin.enabled=true -javaagent:C:\Program Files\JetBrains\IntelliJ IDEA 2022.1.3\lib\idea_rt.jar=54778:C:\Program Files\JetBrains\IntelliJ IDEA 2022.1.3\bin -Dfile.encoding=UTF-8 
java_command: ExamenRattrapageKhaddoti.demo.DemoApplication
java_class_path (initial): C:\Users\Asus\Desktop\demo\demo\target\classes;C:\Users\Asus\.m2\repository\org\springframework\boot\spring-boot-starter-data-jpa\2.7.1\spring-boot-starter-data-jpa-2.7.1.jar;C:\Users\Asus\.m2\repository\org\springframework\boot\spring-boot-starter-aop\2.7.1\spring-boot-starter-aop-2.7.1.jar;C:\Users\Asus\.m2\repository\org\springframework\spring-aop\5.3.21\spring-aop-5.3.21.jar;C:\Users\Asus\.m2\repository\org\aspectj\aspectjweaver\1.9.7\aspectjweaver-1.9.7.jar;C:\Users\Asus\.m2\repository\org\springframework\boot\spring-boot-starter-jdbc\2.7.1\spring-boot-starter-jdbc-2.7.1.jar;C:\Users\Asus\.m2\repository\com\zaxxer\HikariCP\4.0.3\HikariCP-4.0.3.jar;C:\Users\Asus\.m2\repository\org\springframework\spring-jdbc\5.3.21\spring-jdbc-5.3.21.jar;C:\Users\Asus\.m2\repository\jakarta\transaction\jakarta.transaction-api\1.3.3\jakarta.transaction-api-1.3.3.jar;C:\Users\Asus\.m2\repository\jakarta\persistence\jakarta.persistence-api\2.2.3\jakarta.persistence-api-2.2.3.jar;C:\Users\Asus\.m2\repository\org\hibernate\hibernate-core\5.6.9.Final\hibernate-core-5.6.9.Final.jar;C:\Users\Asus\.m2\repository\org\jboss\logging\jboss-logging\3.4.3.Final\jboss-logging-3.4.3.Final.jar;C:\Users\Asus\.m2\repository\net\bytebuddy\byte-buddy\1.12.11\byte-buddy-1.12.11.jar;C:\Users\Asus\.m2\repository\antlr\antlr\2.7.7\antlr-2.7.7.jar;C:\Users\Asus\.m2\repository\org\jboss\jandex\2.4.2.Final\jandex-2.4.2.Final.jar;C:\Users\Asus\.m2\repository\com\fasterxml\classmate\1.5.1\classmate-1.5.1.jar;C:\Users\Asus\.m2\repository\org\hibernate\common\hibernate-commons-annotations\5.1.2.Final\hibernate-commons-annotations-5.1.2.Final.jar;C:\Users\Asus\.m2\repository\org\glassfish\jaxb\jaxb-runtime\2.3.6\jaxb-runtime-2.3.6.jar;C:\Users\Asus\.m2\repository\org\glassfish\jaxb\txw2\2.3.6\txw2-2.3.6.jar;C:\Users\Asus\.m2\repository\com\sun\istack\istack-commons-runtime\3.0.12\istack-commons-runtime-3.0.12.jar;C:\Users\Asus\.m2\repository\com\sun\activation\jakarta.activation\1.2.2\jakarta.activation-1.2.2.jar;C:\Users\Asus\.m2\repository\org\springframework\data\spring-data-jpa\2.7.1\spring-data-jpa-2.7.1.jar;C:\Users\Asus\.m2\repository\org\springframework\data\spring-data-commons\2.7.1\spring-data-commons-2.7.1.jar;C:\Users\Asus\.m2\repository\org\springframework\spring-orm\5.3.21\spring-orm-5.3.21.jar;C:\Users\Asus\.m2\repository\org\springframework\spring-context\5.3.21\spring-context-5.3.21.jar;C:\Users\Asus\.m2\repository\org\springframework\spring-tx\5.3.21\spring-tx-5.3.21.jar;C:\Users\Asus\.m2\repository\org\springframework\spring-beans\5.3.21\spring-beans-5.3.21.jar;C:\Users\Asus\.m2\repository\org\slf4j\slf4j-api\1.7.36\slf4j-api-1.7.36.jar;C:\Users\Asus\.m2\repository\org\springframework\spring-aspects\5.3.21\spring-aspects-5.3.21.jar;C:\Users\Asus\.m2\repository\org\springframework\boot\spring-boot-starter-thymeleaf\2.7.1\spring-boot-starter-thymeleaf-2.7.1.jar;C:\Users\Asus\.m2\repository\org\springframework\boot\spring-boot-starter\2.7.1\spring-boot-starter-2.7.1.jar;C:\Users\Asus\.m2\repository\org\springframework\boot\spring-boot\2.7.1\spring-boot-2.7.1.jar;C:\Users\Asus\.m2\repository\org\springframework\boot\spring-boot-autoconfigure\2.7.1\spring-boot-autoconfigure-2.7.1.jar;C:\Users\Asus\.m2\repository\org\springframework\boot\spring-boot-starter-logging\2.7.1\spring-boot-starter-logging-2.7.1.jar;C:\Users\Asus\.m2\repository\ch\qos\logback\logback-classic\1.2.11\logback-classic-1.2.11.jar;C:\Users\Asus\.m2\repository\ch\qos\logback\logback-core\1.2.11\logback-core-1.2.11.jar;C:\Users\Asus\.m2\repository\org\apache\logging\log4j\log4j-to-slf4j\2.17.2\log4j-to-slf4j-2.17.2.jar;C:\Users\Asus\.m2\repository\org\apache\logging\log4j\log4j-api\2.17.2\log4j-api-2.17.2.jar;C:\Users\Asus\.m2\repository\org\slf4j\jul-to-slf4j\1.7.36\jul-to-slf4j-1.7.36.jar;C:\Users\Asus\.m2\repository\jakarta\annotation\jakarta.annotation-api\1.3.5\jakarta.annotation-api-1.3.5.jar;C:\Users\Asus\.m2\repository\org\yaml\snakeyaml\1.30\snakeyaml-1.30.jar;C:\Users\Asus\.m2\repository\org\thymeleaf\thymeleaf-spring5\3.0.15.RELEASE\thymeleaf-spring5-3.0.15.RELEASE.jar;C:\Users\Asus\.m2\repository\org\thymeleaf\thymeleaf\3.0.15.RELEASE\thymeleaf-3.0.15.RELEASE.jar;C:\Users\Asus\.m2\repository\org\attoparser\attoparser\2.0.5.RELEASE\attoparser-2.0.5.RELEASE.jar;C:\Users\Asus\.m2\repository\org\unbescape\unbescape\1.1.6.RELEASE\unbescape-1.1.6.RELEASE.jar;C:\Users\Asus\.m2\repository\org\thymeleaf\extras\thymeleaf-extras-java8time\3.0.4.RELEASE\thymeleaf-extras-java8time-3.0.4.RELEASE.jar;C:\Users\Asus\.m2\repository\org\springframework\boot\spring-boot-starter-web\2.7.1\spring-boot-starter-web-2.7.1.jar;C:\Users\Asus\.m2\repository\org\springframework\boot\spring-boot-starter-json\2.7.1\spring-boot-starter-json-2.7.1.jar;C:\Users\Asus\.m2\repository\com\fasterxml\jackson\core\jackson-databind\2.13.3\jackson-databind-2.13.3.jar;C:\Users\Asus\.m2\repository\com\fasterxml\jackson\core\jackson-annotations\2.13.3\jackson-annotations-2.13.3.jar;C:\Users\Asus\.m2\repository\com\fasterxml\jackson\core\jackson-core\2.13.3\jackson-core-2.13.3.jar;C:\Users\Asus\.m2\repository\com\fasterxml\jackson\datatype\jackson-datatype-jdk8\2.13.3\jackson-datatype-jdk8-2.13.3.jar;C:\Users\Asus\.m2\repository\com\fasterxml\jackson\datatype\jackson-datatype-jsr310\2.13.3\jackson-datatype-jsr310-2.13.3.jar;C:\Users\Asus\.m2\repository\com\fasterxml\jackson\module\jackson-module-parameter-names\2.13.3\jackson-module-parameter-names-2.13.3.jar;C:\Users\Asus\.m2\repository\org\springframework\boot\spring-boot-starter-tomcat\2.7.1\spring-boot-starter-tomcat-2.7.1.jar;C:\Users\Asus\.m2\repository\org\apache\tomcat\embed\tomcat-embed-core\9.0.64\tomcat-embed-core-9.0.64.jar;C:\Users\Asus\.m2\repository\org\apache\tomcat\embed\tomcat-embed-el\9.0.64\tomcat-embed-el-9.0.64.jar;C:\Users\Asus\.m2\repository\org\apache\tomcat\embed\tomcat-embed-websocket\9.0.64\tomcat-embed-websocket-9.0.64.jar;C:\Users\Asus\.m2\repository\org\springframework\spring-web\5.3.21\spring-web-5.3.21.jar;C:\Users\Asus\.m2\repository\org\springframework\spring-webmvc\5.3.21\spring-webmvc-5.3.21.jar;C:\Users\Asus\.m2\repository\org\springframework\spring-expression\5.3.21\spring-expression-5.3.21.jar;C:\Users\Asus\.m2\repository\mysql\mysql-connector-java\8.0.29\mysql-connector-java-8.0.29.jar;C:\Users\Asus\.m2\repository\jakarta\xml\bind\jakarta.xml.bind-api\2.3.3\jakarta.xml.bind-api-2.3.3.jar;C:\Users\Asus\.m2\repository\jakarta\activation\jakarta.activation-api\1.2.2\jakarta.activation-api-1.2.2.jar;C:\Users\Asus\.m2\repository\org\springframework\spring-core\5.3.21\spring-core-5.3.21.jar;C:\Users\Asus\.m2\repository\org\springframework\spring-jcl\5.3.21\spring-jcl-5.3.21.jar
Launcher Type: SUN_STANDARD

[Global flags]
     intx CICompilerCount                          = 4                                         {product} {ergonomic}
     uint ConcGCThreads                            = 2                                         {product} {ergonomic}
     uint G1ConcRefinementThreads                  = 8                                         {product} {ergonomic}
   size_t G1HeapRegionSize                         = 1048576                                   {product} {ergonomic}
    uintx GCDrainStackTargetSize                   = 64                                        {product} {ergonomic}
   size_t InitialHeapSize                          = 100663296                                 {product} {ergonomic}
     bool ManagementServer                         = true                                      {product} {command line}
   size_t MarkStackSize                            = 4194304                                   {product} {ergonomic}
   size_t MaxHeapSize                              = 1579155456                                {product} {ergonomic}
   size_t MaxNewSize                               = 946864128                                 {product} {ergonomic}
   size_t MinHeapDeltaBytes                        = 1048576                                   {product} {ergonomic}
   size_t MinHeapSize                              = 8388608                                   {product} {ergonomic}
    uintx NonProfiledCodeHeapSize                  = 0                                      {pd product} {ergonomic}
     bool ProfileInterpreter                       = false                                  {pd product} {command line}
    uintx ProfiledCodeHeapSize                     = 0                                      {pd product} {ergonomic}
   size_t SoftMaxHeapSize                          = 1579155456                             {manageable} {ergonomic}
     intx TieredStopAtLevel                        = 1                                         {product} {command line}
     bool UseCompressedClassPointers               = true                           {product lp64_product} {ergonomic}
     bool UseCompressedOops                        = true                           {product lp64_product} {ergonomic}
     bool UseG1GC                                  = true                                      {product} {ergonomic}
     bool UseLargePagesIndividualAllocation        = false                                  {pd product} {ergonomic}

Logging:
Log output configuration:
 #0: stdout all=warning uptime,level,tags foldmultilines=false
 #1: stderr all=off uptime,level,tags foldmultilines=false

Environment Variables:
PATH=C:\Program Files\Common Files\Oracle\Java\javapath;C:\WINDOWS\system32;C:\WINDOWS;C:\WINDOWS\System32\Wbem;C:\WINDOWS\System32\WindowsPowerShell\v1.0\;C:\WINDOWS\System32\OpenSSH\;C:\Program Files (x86)\Microsoft SQL Server\110\Tools\Binn\;C:\Program Files\Microsoft SQL Server\110\Tools\Binn\;C:\Program Files\Microsoft SQL Server\110\DTS\Binn\;C:\Program Files (x86)\Microsoft SQL Server\110\Tools\Binn\ManagementStudio\;C:\Program Files (x86)\Microsoft SQL Server\110\DTS\Binn\;C:\Program Files\dotnet\;C:\Program Files\Microsoft SQL Server\130\Tools\Binn\;C:\Program Files\Microsoft SQL Server\Client SDK\ODBC\170\Tools\Binn\;C:\Program Files\PHP;C:\Program Files\nodejs\;C:\Users\Asus\scoop\shims;C:\Users\Asus\AppData\Local\Microsoft\WindowsApps;C:\Users\Asus\.dotnet\tools;C:\Program Files\PHP;C:\Users\Asus\AppData\Roaming\npm
USERNAME=Asus
OS=Windows_NT
PROCESSOR_IDENTIFIER=Intel64 Family 6 Model 142 Stepping 10, GenuineIntel



---------------  S Y S T E M  ---------------

OS:
 Windows 10 , 64 bit Build 19041 (10.0.19041.546)
OS uptime: 26 days 13:24 hours

CPU: total 8 (initial active 8) (4 cores per cpu, 2 threads per core) family 6 model 142 stepping 10 microcode 0xb4, cx8, cmov, fxsr, ht, mmx, 3dnowpref, sse, sse2, sse3, ssse3, sse4.1, sse4.2, popcnt, lzcnt, tsc, tscinvbit, avx, avx2, aes, erms, clmul, bmi1, bmi2, adx, fma, vzeroupper, clflush, clflushopt

Memory: 4k page, system-wide physical 6022M (666M free)
TotalPageFile size 13522M (AvailPageFile size 4M)
current process WorkingSet (physical memory assigned to process): 45M, peak: 45M
current process commit charge ("private bytes"): 178M, peak: 178M

vm_info: Java HotSpot(TM) 64-Bit Server VM (18.0.1.1+2-6) for windows-amd64 JRE (18.0.1.1+2-6), built on Apr 25 2022 21:53:15 by "mach5one" with MS VC++ 16.8 / 16.9 (VS2019)

END.
